<?xml version="1.0" encoding="UTF-8"?>
<testng-results ignored="0" total="1" passed="1" failed="0" skipped="0">
  <reporter-output>
  </reporter-output>
  <suite started-at="2021-07-24T20:26:58 IST" name="Default suite" finished-at="2021-07-24T20:27:21 IST" duration-ms="22628">
    <groups>
    </groups>
    <test started-at="2021-07-24T20:26:58 IST" name="Default test" finished-at="2021-07-24T20:27:21 IST" duration-ms="22628">
      <class name="scripts.searchForFlight">
        <test-method is-config="true" signature="openApp()[pri:0, instance:scripts.searchForFlight@15c43bd9]" started-at="2021-07-24T20:26:58 IST" name="openApp" finished-at="2021-07-24T20:27:08 IST" duration-ms="10435" status="PASS">
          <reporter-output>
          </reporter-output>
        </test-method> <!-- openApp -->
        <test-method signature="searchFlight()[pri:0, instance:scripts.searchForFlight@15c43bd9]" started-at="2021-07-24T20:27:08 IST" name="searchFlight" finished-at="2021-07-24T20:27:20 IST" duration-ms="11288" status="PASS">
          <reporter-output>
          </reporter-output>
        </test-method> <!-- searchFlight -->
        <test-method is-config="true" signature="close(org.testng.ITestResult)[pri:0, instance:scripts.searchForFlight@15c43bd9]" started-at="2021-07-24T20:27:20 IST" name="close" finished-at="2021-07-24T20:27:21 IST" duration-ms="846" status="PASS">
          <params>
            <param index="0">
              <value>
                <![CDATA[[TestResult name=searchFlight status=SUCCESS method=searchForFlight.searchFlight()[pri:0, instance:scripts.searchForFlight@15c43bd9] output={null}]]]>
              </value>
            </param>
          </params>
          <reporter-output>
          </reporter-output>
        </test-method> <!-- close -->
      </class> <!-- scripts.searchForFlight -->
    </test> <!-- Default test -->
  </suite> <!-- Default suite -->
</testng-results>
